<?xml version="1.0" encoding="UTF-8"?>
<!-- Generated by org.testng.reporters.JUnitReportReporter -->
<testsuite hostname="DESKTOP-N85SM45" failures="0" tests="1" name="com.petcoAutomationTest.BaseTests" time="70.517" errors="0" timestamp="2021-05-24T12:51:23 IST" skipped="0">
  <testcase classname="com.petcoAutomationTest.BaseTests" name="petcoTest" time="70.517"/>
  <system-out/>
</testsuite> <!-- com.petcoAutomationTest.BaseTests -->
